2021/10/03 18:37:56 [notice] 1#1: using the "epoll" event method
2021/10/03 18:37:56 [notice] 1#1: nginx/1.21.3
2021/10/03 18:37:56 [notice] 1#1: built by gcc 8.3.0 (Debian 8.3.0-6) 
2021/10/03 18:37:56 [notice] 1#1: OS: Linux 5.10.47-linuxkit
2021/10/03 18:37:56 [notice] 1#1: getrlimit(RLIMIT_NOFILE): 1048576:1048576
2021/10/03 18:37:56 [notice] 1#1: start worker processes
2021/10/03 18:37:56 [notice] 1#1: start worker process 30
2021/10/03 18:37:56 [notice] 1#1: start worker process 31
2021/10/03 19:22:19 [notice] 1#1: signal 3 (SIGQUIT) received, shutting down
2021/10/03 19:22:19 [notice] 30#30: gracefully shutting down
2021/10/03 19:22:19 [notice] 31#31: gracefully shutting down
2021/10/03 19:22:19 [notice] 31#31: exiting
2021/10/03 19:22:19 [notice] 30#30: exiting
2021/10/03 19:22:19 [notice] 30#30: exit
2021/10/03 19:22:19 [notice] 31#31: exit
2021/10/03 19:22:19 [notice] 1#1: signal 17 (SIGCHLD) received from 30
2021/10/03 19:22:19 [notice] 1#1: worker process 30 exited with code 0
2021/10/03 19:22:19 [notice] 1#1: signal 29 (SIGIO) received
2021/10/03 19:22:19 [notice] 1#1: signal 17 (SIGCHLD) received from 31
2021/10/03 19:22:19 [notice] 1#1: worker process 31 exited with code 0
2021/10/03 19:22:19 [notice] 1#1: exit
2021/10/03 19:22:41 [notice] 1#1: using the "epoll" event method
2021/10/03 19:22:41 [notice] 1#1: nginx/1.21.3
2021/10/03 19:22:41 [notice] 1#1: built by gcc 8.3.0 (Debian 8.3.0-6) 
2021/10/03 19:22:41 [notice] 1#1: OS: Linux 5.10.47-linuxkit
2021/10/03 19:22:41 [notice] 1#1: getrlimit(RLIMIT_NOFILE): 1048576:1048576
2021/10/03 19:22:41 [notice] 1#1: start worker processes
2021/10/03 19:22:41 [notice] 1#1: start worker process 31
2021/10/03 19:22:41 [notice] 1#1: start worker process 32
2021/10/04 18:26:25 [notice] 1#1: signal 3 (SIGQUIT) received, shutting down
2021/10/04 18:26:25 [notice] 31#31: gracefully shutting down
2021/10/04 18:26:25 [notice] 32#32: gracefully shutting down
2021/10/04 18:26:25 [notice] 32#32: exiting
2021/10/04 18:26:25 [notice] 31#31: exiting
2021/10/04 18:26:25 [notice] 32#32: exit
2021/10/04 18:26:25 [notice] 31#31: exit
2021/10/04 18:26:25 [notice] 1#1: signal 17 (SIGCHLD) received from 32
2021/10/04 18:26:25 [notice] 1#1: worker process 32 exited with code 0
2021/10/04 18:26:25 [notice] 1#1: signal 29 (SIGIO) received
2021/10/04 18:26:25 [notice] 1#1: signal 17 (SIGCHLD) received from 31
2021/10/04 18:26:25 [notice] 1#1: worker process 31 exited with code 0
2021/10/04 18:26:25 [notice] 1#1: exit
2021/10/04 18:26:40 [notice] 1#1: using the "epoll" event method
2021/10/04 18:26:40 [notice] 1#1: nginx/1.21.3
2021/10/04 18:26:40 [notice] 1#1: built by gcc 8.3.0 (Debian 8.3.0-6) 
2021/10/04 18:26:40 [notice] 1#1: OS: Linux 5.10.47-linuxkit
2021/10/04 18:26:40 [notice] 1#1: getrlimit(RLIMIT_NOFILE): 1048576:1048576
2021/10/04 18:26:40 [notice] 1#1: start worker processes
2021/10/04 18:26:40 [notice] 1#1: start worker process 31
2021/10/04 18:26:40 [notice] 1#1: start worker process 32
2021/10/05 19:09:44 [notice] 32#32: signal 15 (SIGTERM) received, exiting
2021/10/16 15:35:27 [notice] 1#1: using the "epoll" event method
2021/10/16 15:35:27 [notice] 1#1: nginx/1.21.3
2021/10/16 15:35:27 [notice] 1#1: built by gcc 8.3.0 (Debian 8.3.0-6) 
2021/10/16 15:35:27 [notice] 1#1: OS: Linux 5.10.47-linuxkit
2021/10/16 15:35:27 [notice] 1#1: getrlimit(RLIMIT_NOFILE): 1048576:1048576
2021/10/16 15:35:27 [notice] 1#1: start worker processes
2021/10/16 15:35:27 [notice] 1#1: start worker process 30
2021/10/16 15:35:27 [notice] 1#1: start worker process 31
2021/10/16 15:46:52 [notice] 1#1: signal 3 (SIGQUIT) received, shutting down
2021/10/16 15:46:52 [notice] 31#31: gracefully shutting down
2021/10/16 15:46:52 [notice] 31#31: exiting
2021/10/16 15:46:52 [notice] 30#30: gracefully shutting down
2021/10/16 15:46:52 [notice] 30#30: exiting
2021/10/16 15:46:52 [notice] 31#31: exit
2021/10/16 15:46:52 [notice] 30#30: exit
2021/10/16 15:46:52 [notice] 1#1: signal 17 (SIGCHLD) received from 31
2021/10/16 15:46:52 [notice] 1#1: worker process 31 exited with code 0
2021/10/16 15:46:52 [notice] 1#1: signal 29 (SIGIO) received
2021/10/16 15:46:52 [notice] 1#1: signal 17 (SIGCHLD) received from 30
2021/10/16 15:46:52 [notice] 1#1: worker process 30 exited with code 0
2021/10/16 15:46:52 [notice] 1#1: exit
2021/10/16 15:46:55 [notice] 1#1: using the "epoll" event method
2021/10/16 15:46:55 [notice] 1#1: nginx/1.21.3
2021/10/16 15:46:55 [notice] 1#1: built by gcc 8.3.0 (Debian 8.3.0-6) 
2021/10/16 15:46:55 [notice] 1#1: OS: Linux 5.10.47-linuxkit
2021/10/16 15:46:55 [notice] 1#1: getrlimit(RLIMIT_NOFILE): 1048576:1048576
2021/10/16 15:46:55 [notice] 1#1: start worker processes
2021/10/16 15:46:55 [notice] 1#1: start worker process 32
2021/10/16 15:46:55 [notice] 1#1: start worker process 33
2021/10/16 15:49:39 [error] 32#32: *1 open() "/var/www/hello.test/favicon.ico" failed (2: No such file or directory), client: 172.18.0.1, server: localhost, request: "GET /favicon.ico HTTP/1.1", host: "localhost:8000", referrer: "http://localhost:8000/"
